{"/home/gustavokenzo/Desktop/Projects/nlw-impulse/server/dist/use-cases/submit-feedback-use-case.js": {"path":"/home/gustavokenzo/Desktop/Projects/nlw-impulse/server/dist/use-cases/submit-feedback-use-case.js","all":false,"statementMap":{"0":{"start":{"line":1,"column":0},"end":{"line":1,"column":13}},"1":{"start":{"line":2,"column":0},"end":{"line":2,"column":62}},"2":{"start":{"line":3,"column":0},"end":{"line":3,"column":39}},"3":{"start":{"line":4,"column":0},"end":{"line":4,"column":29}},"4":{"start":{"line":5,"column":0},"end":{"line":5,"column":51}},"5":{"start":{"line":6,"column":0},"end":{"line":6,"column":55}},"6":{"start":{"line":7,"column":0},"end":{"line":7,"column":39}},"7":{"start":{"line":8,"column":0},"end":{"line":8,"column":5}},"8":{"start":{"line":9,"column":0},"end":{"line":9,"column":28}},"9":{"start":{"line":10,"column":0},"end":{"line":10,"column":54}},"10":{"start":{"line":11,"column":0},"end":{"line":11,"column":20}},"11":{"start":{"line":12,"column":0},"end":{"line":12,"column":48}},"12":{"start":{"line":13,"column":0},"end":{"line":13,"column":9}},"13":{"start":{"line":14,"column":0},"end":{"line":14,"column":23}},"14":{"start":{"line":15,"column":0},"end":{"line":15,"column":51}},"15":{"start":{"line":16,"column":0},"end":{"line":16,"column":9}},"16":{"start":{"line":17,"column":0},"end":{"line":17,"column":76}},"17":{"start":{"line":18,"column":0},"end":{"line":18,"column":57}},"18":{"start":{"line":19,"column":0},"end":{"line":19,"column":9}},"19":{"start":{"line":20,"column":0},"end":{"line":20,"column":77}},"20":{"start":{"line":21,"column":0},"end":{"line":21,"column":41}},"21":{"start":{"line":22,"column":0},"end":{"line":22,"column":43}},"22":{"start":{"line":23,"column":0},"end":{"line":23,"column":19}},"23":{"start":{"line":24,"column":0},"end":{"line":24,"column":86}},"24":{"start":{"line":25,"column":0},"end":{"line":25,"column":51}},"25":{"start":{"line":26,"column":0},"end":{"line":26,"column":48}},"26":{"start":{"line":27,"column":0},"end":{"line":27,"column":64}},"27":{"start":{"line":28,"column":0},"end":{"line":28,"column":25}},"28":{"start":{"line":29,"column":0},"end":{"line":29,"column":25}},"29":{"start":{"line":30,"column":0},"end":{"line":30,"column":11}},"30":{"start":{"line":31,"column":0},"end":{"line":31,"column":5}},"31":{"start":{"line":32,"column":0},"end":{"line":32,"column":1}},"32":{"start":{"line":33,"column":0},"end":{"line":33,"column":54}}},"s":{"0":1,"1":1,"2":1,"3":1,"4":1,"5":1,"6":1,"7":1,"8":1,"9":4,"10":4,"11":1,"12":1,"13":4,"14":1,"15":1,"16":4,"17":1,"18":1,"19":1,"20":1,"21":1,"22":1,"23":1,"24":1,"25":1,"26":4,"27":4,"28":4,"29":4,"30":4,"31":1,"32":1},"branchMap":{"0":{"type":"branch","line":1,"loc":{"start":{"line":1,"column":0},"end":{"line":33,"column":54}},"locations":[{"start":{"line":1,"column":0},"end":{"line":33,"column":54}}]},"1":{"type":"branch","line":1,"loc":{"start":{"line":1,"column":0},"end":{"line":33,"column":54}},"locations":[{"start":{"line":1,"column":0},"end":{"line":33,"column":54}}]},"2":{"type":"branch","line":5,"loc":{"start":{"line":5,"column":4},"end":{"line":8,"column":5}},"locations":[{"start":{"line":5,"column":4},"end":{"line":8,"column":5}}]},"3":{"type":"branch","line":9,"loc":{"start":{"line":9,"column":4},"end":{"line":31,"column":5}},"locations":[{"start":{"line":9,"column":4},"end":{"line":31,"column":5}}]},"4":{"type":"branch","line":11,"loc":{"start":{"line":11,"column":19},"end":{"line":13,"column":9}},"locations":[{"start":{"line":11,"column":19},"end":{"line":13,"column":9}}]},"5":{"type":"branch","line":14,"loc":{"start":{"line":14,"column":-1},"end":{"line":14,"column":22}},"locations":[{"start":{"line":14,"column":-1},"end":{"line":14,"column":22}}]},"6":{"type":"branch","line":14,"loc":{"start":{"line":14,"column":22},"end":{"line":16,"column":9}},"locations":[{"start":{"line":14,"column":22},"end":{"line":16,"column":9}}]},"7":{"type":"branch","line":17,"loc":{"start":{"line":17,"column":-1},"end":{"line":17,"column":73}},"locations":[{"start":{"line":17,"column":-1},"end":{"line":17,"column":73}}]},"8":{"type":"branch","line":17,"loc":{"start":{"line":17,"column":75},"end":{"line":27,"column":58}},"locations":[{"start":{"line":17,"column":75},"end":{"line":27,"column":58}}]},"9":{"type":"branch","line":27,"loc":{"start":{"line":27,"column":59},"end":{"line":27,"column":63}},"locations":[{"start":{"line":27,"column":59},"end":{"line":27,"column":63}}]},"10":{"type":"branch","line":31,"loc":{"start":{"line":31,"column":-1},"end":{"line":31,"column":4}},"locations":[{"start":{"line":31,"column":-1},"end":{"line":31,"column":4}}]}},"b":{"0":[1],"1":[1],"2":[1],"3":[4],"4":[1],"5":[3],"6":[1],"7":[2],"8":[1],"9":[0],"10":[1]},"fnMap":{"0":{"name":"Object.<anonymous>","decl":{"start":{"line":1,"column":0},"end":{"line":33,"column":54}},"loc":{"start":{"line":1,"column":0},"end":{"line":33,"column":54}},"line":1},"1":{"name":"SubmitFeedbackUseCase","decl":{"start":{"line":5,"column":4},"end":{"line":8,"column":5}},"loc":{"start":{"line":5,"column":4},"end":{"line":8,"column":5}},"line":5},"2":{"name":"execute","decl":{"start":{"line":9,"column":4},"end":{"line":31,"column":5}},"loc":{"start":{"line":9,"column":4},"end":{"line":31,"column":5}},"line":9}},"f":{"0":1,"1":1,"2":4}}
,"/home/gustavokenzo/Desktop/Projects/nlw-impulse/server/src/prisma.ts": {"path":"/home/gustavokenzo/Desktop/Projects/nlw-impulse/server/src/prisma.ts","all":false,"statementMap":{"0":{"start":{"line":1,"column":0},"end":{"line":1,"column":46}},"1":{"start":{"line":2,"column":0},"end":{"line":2,"column":0}},"2":{"start":{"line":3,"column":0},"end":{"line":3,"column":41}}},"s":{"0":1,"1":1,"2":1},"branchMap":{},"b":{},"fnMap":{},"f":{}}
,"/home/gustavokenzo/Desktop/Projects/nlw-impulse/server/src/use-cases/feedbacks-use-cases/delete-feedback-use-case.ts": {"path":"/home/gustavokenzo/Desktop/Projects/nlw-impulse/server/src/use-cases/feedbacks-use-cases/delete-feedback-use-case.ts","all":false,"statementMap":{"0":{"start":{"line":1,"column":0},"end":{"line":1,"column":78}},"1":{"start":{"line":2,"column":0},"end":{"line":2,"column":0}},"2":{"start":{"line":3,"column":0},"end":{"line":3,"column":36}},"3":{"start":{"line":4,"column":0},"end":{"line":4,"column":66}},"4":{"start":{"line":5,"column":0},"end":{"line":5,"column":0}},"5":{"start":{"line":6,"column":0},"end":{"line":6,"column":29}},"6":{"start":{"line":7,"column":0},"end":{"line":7,"column":14}},"7":{"start":{"line":8,"column":0},"end":{"line":8,"column":40}},"8":{"start":{"line":9,"column":0},"end":{"line":9,"column":5}},"9":{"start":{"line":10,"column":0},"end":{"line":10,"column":0}},"10":{"start":{"line":11,"column":0},"end":{"line":11,"column":9}},"11":{"start":{"line":12,"column":0},"end":{"line":12,"column":48}},"12":{"start":{"line":13,"column":0},"end":{"line":13,"column":21}},"13":{"start":{"line":14,"column":0},"end":{"line":14,"column":18}},"14":{"start":{"line":15,"column":0},"end":{"line":15,"column":5}},"15":{"start":{"line":16,"column":0},"end":{"line":16,"column":3}},"16":{"start":{"line":17,"column":0},"end":{"line":17,"column":1}}},"s":{"0":1,"1":1,"2":1,"3":1,"4":1,"5":1,"6":2,"7":1,"8":1,"9":1,"10":1,"11":1,"12":2,"13":0,"14":0,"15":2,"16":1},"branchMap":{"0":{"type":"branch","line":6,"loc":{"start":{"line":6,"column":2},"end":{"line":16,"column":3}},"locations":[{"start":{"line":6,"column":2},"end":{"line":16,"column":3}}]},"1":{"type":"branch","line":7,"loc":{"start":{"line":7,"column":13},"end":{"line":13,"column":6}},"locations":[{"start":{"line":7,"column":13},"end":{"line":13,"column":6}}]},"2":{"type":"branch","line":13,"loc":{"start":{"line":13,"column":6},"end":{"line":15,"column":5}},"locations":[{"start":{"line":13,"column":6},"end":{"line":15,"column":5}}]},"3":{"type":"branch","line":4,"loc":{"start":{"line":4,"column":2},"end":{"line":4,"column":66}},"locations":[{"start":{"line":4,"column":2},"end":{"line":4,"column":66}}]}},"b":{"0":[2],"1":[1],"2":[0],"3":[1]},"fnMap":{"0":{"name":"execute","decl":{"start":{"line":6,"column":2},"end":{"line":16,"column":3}},"loc":{"start":{"line":6,"column":2},"end":{"line":16,"column":3}},"line":6},"1":{"name":"DeleteFeedbackUseCase","decl":{"start":{"line":4,"column":2},"end":{"line":4,"column":66}},"loc":{"start":{"line":4,"column":2},"end":{"line":4,"column":66}},"line":4}},"f":{"0":2,"1":1}}
,"/home/gustavokenzo/Desktop/Projects/nlw-impulse/server/src/use-cases/feedbacks-use-cases/read-feedback-use-case.ts": {"path":"/home/gustavokenzo/Desktop/Projects/nlw-impulse/server/src/use-cases/feedbacks-use-cases/read-feedback-use-case.ts","all":false,"statementMap":{"0":{"start":{"line":1,"column":0},"end":{"line":1,"column":78}},"1":{"start":{"line":2,"column":0},"end":{"line":2,"column":0}},"2":{"start":{"line":3,"column":0},"end":{"line":3,"column":34}},"3":{"start":{"line":4,"column":0},"end":{"line":4,"column":66}},"4":{"start":{"line":5,"column":0},"end":{"line":5,"column":0}},"5":{"start":{"line":6,"column":0},"end":{"line":6,"column":33}},"6":{"start":{"line":7,"column":0},"end":{"line":7,"column":18}},"7":{"start":{"line":8,"column":0},"end":{"line":8,"column":45}},"8":{"start":{"line":9,"column":0},"end":{"line":9,"column":5}},"9":{"start":{"line":10,"column":0},"end":{"line":10,"column":0}},"10":{"start":{"line":11,"column":0},"end":{"line":11,"column":9}},"11":{"start":{"line":12,"column":0},"end":{"line":12,"column":68}},"12":{"start":{"line":13,"column":0},"end":{"line":13,"column":0}},"13":{"start":{"line":14,"column":0},"end":{"line":14,"column":23}},"14":{"start":{"line":15,"column":0},"end":{"line":15,"column":21}},"15":{"start":{"line":16,"column":0},"end":{"line":16,"column":18}},"16":{"start":{"line":17,"column":0},"end":{"line":17,"column":5}},"17":{"start":{"line":18,"column":0},"end":{"line":18,"column":3}},"18":{"start":{"line":19,"column":0},"end":{"line":19,"column":1}}},"s":{"0":1,"1":1,"2":1,"3":1,"4":1,"5":1,"6":2,"7":1,"8":1,"9":1,"10":1,"11":1,"12":1,"13":1,"14":2,"15":0,"16":0,"17":2,"18":1},"branchMap":{"0":{"type":"branch","line":6,"loc":{"start":{"line":6,"column":2},"end":{"line":18,"column":3}},"locations":[{"start":{"line":6,"column":2},"end":{"line":18,"column":3}}]},"1":{"type":"branch","line":7,"loc":{"start":{"line":7,"column":17},"end":{"line":15,"column":6}},"locations":[{"start":{"line":7,"column":17},"end":{"line":15,"column":6}}]},"2":{"type":"branch","line":15,"loc":{"start":{"line":15,"column":6},"end":{"line":17,"column":5}},"locations":[{"start":{"line":15,"column":6},"end":{"line":17,"column":5}}]},"3":{"type":"branch","line":4,"loc":{"start":{"line":4,"column":2},"end":{"line":4,"column":66}},"locations":[{"start":{"line":4,"column":2},"end":{"line":4,"column":66}}]}},"b":{"0":[2],"1":[1],"2":[0],"3":[1]},"fnMap":{"0":{"name":"execute","decl":{"start":{"line":6,"column":2},"end":{"line":18,"column":3}},"loc":{"start":{"line":6,"column":2},"end":{"line":18,"column":3}},"line":6},"1":{"name":"ReadFeedbackUseCase","decl":{"start":{"line":4,"column":2},"end":{"line":4,"column":66}},"loc":{"start":{"line":4,"column":2},"end":{"line":4,"column":66}},"line":4}},"f":{"0":2,"1":1}}
,"/home/gustavokenzo/Desktop/Projects/nlw-impulse/server/src/use-cases/feedbacks-use-cases/submit-feedback-use-case.ts": {"path":"/home/gustavokenzo/Desktop/Projects/nlw-impulse/server/src/use-cases/feedbacks-use-cases/submit-feedback-use-case.ts","all":false,"statementMap":{"0":{"start":{"line":1,"column":0},"end":{"line":1,"column":58}},"1":{"start":{"line":2,"column":0},"end":{"line":2,"column":38}},"2":{"start":{"line":3,"column":0},"end":{"line":3,"column":78}},"3":{"start":{"line":4,"column":0},"end":{"line":4,"column":0}},"4":{"start":{"line":5,"column":0},"end":{"line":5,"column":47}},"5":{"start":{"line":6,"column":0},"end":{"line":6,"column":15}},"6":{"start":{"line":7,"column":0},"end":{"line":7,"column":18}},"7":{"start":{"line":8,"column":0},"end":{"line":8,"column":22}},"8":{"start":{"line":9,"column":0},"end":{"line":9,"column":15}},"9":{"start":{"line":10,"column":0},"end":{"line":10,"column":1}},"10":{"start":{"line":11,"column":0},"end":{"line":11,"column":0}},"11":{"start":{"line":12,"column":0},"end":{"line":12,"column":36}},"12":{"start":{"line":13,"column":0},"end":{"line":13,"column":14}},"13":{"start":{"line":14,"column":0},"end":{"line":14,"column":53}},"14":{"start":{"line":15,"column":0},"end":{"line":15,"column":36}},"15":{"start":{"line":16,"column":0},"end":{"line":16,"column":6}},"16":{"start":{"line":17,"column":0},"end":{"line":17,"column":0}},"17":{"start":{"line":18,"column":0},"end":{"line":18,"column":56}},"18":{"start":{"line":19,"column":0},"end":{"line":19,"column":56}},"19":{"start":{"line":20,"column":0},"end":{"line":20,"column":0}},"20":{"start":{"line":21,"column":0},"end":{"line":21,"column":16}},"21":{"start":{"line":22,"column":0},"end":{"line":22,"column":42}},"22":{"start":{"line":23,"column":0},"end":{"line":23,"column":5}},"23":{"start":{"line":24,"column":0},"end":{"line":24,"column":0}},"24":{"start":{"line":25,"column":0},"end":{"line":25,"column":19}},"25":{"start":{"line":26,"column":0},"end":{"line":26,"column":45}},"26":{"start":{"line":27,"column":0},"end":{"line":27,"column":5}},"27":{"start":{"line":28,"column":0},"end":{"line":28,"column":0}},"28":{"start":{"line":29,"column":0},"end":{"line":29,"column":72}},"29":{"start":{"line":30,"column":0},"end":{"line":30,"column":51}},"30":{"start":{"line":31,"column":0},"end":{"line":31,"column":5}},"31":{"start":{"line":32,"column":0},"end":{"line":32,"column":0}},"32":{"start":{"line":33,"column":0},"end":{"line":33,"column":79}},"33":{"start":{"line":34,"column":0},"end":{"line":34,"column":17}},"34":{"start":{"line":35,"column":0},"end":{"line":35,"column":0}},"35":{"start":{"line":36,"column":0},"end":{"line":36,"column":15}},"36":{"start":{"line":37,"column":0},"end":{"line":37,"column":46}},"37":{"start":{"line":38,"column":0},"end":{"line":38,"column":16}},"38":{"start":{"line":39,"column":0},"end":{"line":39,"column":19}},"39":{"start":{"line":40,"column":0},"end":{"line":40,"column":10}},"40":{"start":{"line":41,"column":0},"end":{"line":41,"column":9}},"41":{"start":{"line":42,"column":0},"end":{"line":42,"column":5}},"42":{"start":{"line":43,"column":0},"end":{"line":43,"column":0}},"43":{"start":{"line":44,"column":0},"end":{"line":44,"column":37}},"44":{"start":{"line":45,"column":0},"end":{"line":45,"column":37}},"45":{"start":{"line":46,"column":0},"end":{"line":46,"column":13}},"46":{"start":{"line":47,"column":0},"end":{"line":47,"column":103}},"47":{"start":{"line":48,"column":0},"end":{"line":48,"column":44}},"48":{"start":{"line":49,"column":0},"end":{"line":49,"column":108}},"49":{"start":{"line":50,"column":0},"end":{"line":50,"column":50}},"50":{"start":{"line":51,"column":0},"end":{"line":51,"column":59}},"51":{"start":{"line":52,"column":0},"end":{"line":52,"column":63}},"52":{"start":{"line":53,"column":0},"end":{"line":53,"column":19}},"53":{"start":{"line":54,"column":0},"end":{"line":54,"column":202}},"54":{"start":{"line":55,"column":0},"end":{"line":55,"column":17}},"55":{"start":{"line":56,"column":0},"end":{"line":56,"column":18}},"56":{"start":{"line":57,"column":0},"end":{"line":57,"column":19}},"57":{"start":{"line":58,"column":0},"end":{"line":58,"column":56}},"58":{"start":{"line":59,"column":0},"end":{"line":59,"column":7}},"59":{"start":{"line":60,"column":0},"end":{"line":60,"column":3}},"60":{"start":{"line":61,"column":0},"end":{"line":61,"column":1}}},"s":{"0":1,"1":1,"2":1,"3":1,"4":1,"5":1,"6":1,"7":1,"8":1,"9":1,"10":1,"11":1,"12":1,"13":1,"14":1,"15":1,"16":1,"17":1,"18":4,"19":4,"20":4,"21":1,"22":1,"23":3,"24":4,"25":1,"26":1,"27":2,"28":4,"29":1,"30":1,"31":1,"32":1,"33":1,"34":1,"35":1,"36":1,"37":1,"38":1,"39":1,"40":1,"41":1,"42":1,"43":1,"44":1,"45":1,"46":1,"47":1,"48":1,"49":1,"50":1,"51":4,"52":4,"53":4,"54":4,"55":4,"56":4,"57":4,"58":4,"59":1,"60":1},"branchMap":{"0":{"type":"branch","line":18,"loc":{"start":{"line":18,"column":2},"end":{"line":60,"column":3}},"locations":[{"start":{"line":18,"column":2},"end":{"line":60,"column":3}}]},"1":{"type":"branch","line":21,"loc":{"start":{"line":21,"column":15},"end":{"line":23,"column":5}},"locations":[{"start":{"line":21,"column":15},"end":{"line":23,"column":5}}]},"2":{"type":"branch","line":24,"loc":{"start":{"line":24,"column":-1},"end":{"line":25,"column":18}},"locations":[{"start":{"line":24,"column":-1},"end":{"line":25,"column":18}}]},"3":{"type":"branch","line":25,"loc":{"start":{"line":25,"column":18},"end":{"line":27,"column":5}},"locations":[{"start":{"line":25,"column":18},"end":{"line":27,"column":5}}]},"4":{"type":"branch","line":28,"loc":{"start":{"line":28,"column":-1},"end":{"line":29,"column":69}},"locations":[{"start":{"line":28,"column":-1},"end":{"line":29,"column":69}}]},"5":{"type":"branch","line":29,"loc":{"start":{"line":29,"column":71},"end":{"line":52,"column":62}},"locations":[{"start":{"line":29,"column":71},"end":{"line":52,"column":62}}]},"6":{"type":"branch","line":53,"loc":{"start":{"line":53,"column":16},"end":{"line":54,"column":201}},"locations":[{"start":{"line":53,"column":16},"end":{"line":54,"column":201}}]},"7":{"type":"branch","line":58,"loc":{"start":{"line":58,"column":27},"end":{"line":58,"column":44}},"locations":[{"start":{"line":58,"column":27},"end":{"line":58,"column":44}}]},"8":{"type":"branch","line":58,"loc":{"start":{"line":58,"column":44},"end":{"line":58,"column":56}},"locations":[{"start":{"line":58,"column":44},"end":{"line":58,"column":56}}]},"9":{"type":"branch","line":60,"loc":{"start":{"line":60,"column":-1},"end":{"line":60,"column":3}},"locations":[{"start":{"line":60,"column":-1},"end":{"line":60,"column":3}}]},"10":{"type":"branch","line":13,"loc":{"start":{"line":13,"column":2},"end":{"line":16,"column":6}},"locations":[{"start":{"line":13,"column":2},"end":{"line":16,"column":6}}]}},"b":{"0":[4],"1":[1],"2":[3],"3":[1],"4":[2],"5":[1],"6":[1],"7":[1],"8":[0],"9":[1],"10":[1]},"fnMap":{"0":{"name":"execute","decl":{"start":{"line":18,"column":2},"end":{"line":60,"column":3}},"loc":{"start":{"line":18,"column":2},"end":{"line":60,"column":3}},"line":18},"1":{"name":"SubmitFeedbackUseCase","decl":{"start":{"line":13,"column":2},"end":{"line":16,"column":6}},"loc":{"start":{"line":13,"column":2},"end":{"line":16,"column":6}},"line":13}},"f":{"0":4,"1":1}}
,"/home/gustavokenzo/Desktop/Projects/nlw-impulse/server/src/use-cases/feedbacks-use-cases/update-feedback-use-case.ts": {"path":"/home/gustavokenzo/Desktop/Projects/nlw-impulse/server/src/use-cases/feedbacks-use-cases/update-feedback-use-case.ts","all":false,"statementMap":{"0":{"start":{"line":1,"column":0},"end":{"line":1,"column":58}},"1":{"start":{"line":2,"column":0},"end":{"line":2,"column":38}},"2":{"start":{"line":3,"column":0},"end":{"line":3,"column":78}},"3":{"start":{"line":4,"column":0},"end":{"line":4,"column":0}},"4":{"start":{"line":5,"column":0},"end":{"line":5,"column":36}},"5":{"start":{"line":6,"column":0},"end":{"line":6,"column":14}},"6":{"start":{"line":7,"column":0},"end":{"line":7,"column":53}},"7":{"start":{"line":8,"column":0},"end":{"line":8,"column":36}},"8":{"start":{"line":9,"column":0},"end":{"line":9,"column":6}},"9":{"start":{"line":10,"column":0},"end":{"line":10,"column":0}},"10":{"start":{"line":11,"column":0},"end":{"line":11,"column":40}},"11":{"start":{"line":12,"column":0},"end":{"line":12,"column":14}},"12":{"start":{"line":13,"column":0},"end":{"line":13,"column":40}},"13":{"start":{"line":14,"column":0},"end":{"line":14,"column":5}},"14":{"start":{"line":15,"column":0},"end":{"line":15,"column":0}},"15":{"start":{"line":16,"column":0},"end":{"line":16,"column":16}},"16":{"start":{"line":17,"column":0},"end":{"line":17,"column":42}},"17":{"start":{"line":18,"column":0},"end":{"line":18,"column":5}},"18":{"start":{"line":19,"column":0},"end":{"line":19,"column":4}},"19":{"start":{"line":20,"column":0},"end":{"line":20,"column":9}},"20":{"start":{"line":21,"column":0},"end":{"line":21,"column":56}},"21":{"start":{"line":22,"column":0},"end":{"line":22,"column":16}},"22":{"start":{"line":23,"column":0},"end":{"line":23,"column":13}},"23":{"start":{"line":24,"column":0},"end":{"line":24,"column":10}},"24":{"start":{"line":25,"column":0},"end":{"line":25,"column":9}},"25":{"start":{"line":26,"column":0},"end":{"line":26,"column":0}},"26":{"start":{"line":27,"column":0},"end":{"line":27,"column":48}},"27":{"start":{"line":28,"column":0},"end":{"line":28,"column":16}},"28":{"start":{"line":29,"column":0},"end":{"line":29,"column":39}},"29":{"start":{"line":30,"column":0},"end":{"line":30,"column":10}},"30":{"start":{"line":31,"column":0},"end":{"line":31,"column":9}},"31":{"start":{"line":32,"column":0},"end":{"line":32,"column":0}},"32":{"start":{"line":33,"column":0},"end":{"line":33,"column":39}},"33":{"start":{"line":34,"column":0},"end":{"line":34,"column":49}},"34":{"start":{"line":35,"column":0},"end":{"line":35,"column":15}},"35":{"start":{"line":36,"column":0},"end":{"line":36,"column":105}},"36":{"start":{"line":37,"column":0},"end":{"line":37,"column":46}},"37":{"start":{"line":38,"column":0},"end":{"line":38,"column":115}},"38":{"start":{"line":39,"column":0},"end":{"line":39,"column":186}},"39":{"start":{"line":40,"column":0},"end":{"line":40,"column":158}},"40":{"start":{"line":41,"column":0},"end":{"line":41,"column":19}},"41":{"start":{"line":42,"column":0},"end":{"line":42,"column":20}},"42":{"start":{"line":43,"column":0},"end":{"line":43,"column":21}},"43":{"start":{"line":44,"column":0},"end":{"line":44,"column":50}},"44":{"start":{"line":45,"column":0},"end":{"line":45,"column":9}},"45":{"start":{"line":46,"column":0},"end":{"line":46,"column":0}},"46":{"start":{"line":47,"column":0},"end":{"line":47,"column":54}},"47":{"start":{"line":48,"column":0},"end":{"line":48,"column":21}},"48":{"start":{"line":49,"column":0},"end":{"line":49,"column":18}},"49":{"start":{"line":50,"column":0},"end":{"line":50,"column":5}},"50":{"start":{"line":51,"column":0},"end":{"line":51,"column":3}},"51":{"start":{"line":52,"column":0},"end":{"line":52,"column":1}}},"s":{"0":1,"1":1,"2":1,"3":1,"4":1,"5":1,"6":1,"7":1,"8":1,"9":1,"10":1,"11":3,"12":1,"13":1,"14":2,"15":3,"16":1,"17":1,"18":1,"19":1,"20":1,"21":1,"22":1,"23":1,"24":1,"25":1,"26":1,"27":1,"28":1,"29":1,"30":1,"31":1,"32":1,"33":1,"34":1,"35":1,"36":1,"37":3,"38":3,"39":3,"40":3,"41":3,"42":3,"43":3,"44":3,"45":1,"46":1,"47":3,"48":0,"49":0,"50":3,"51":1},"branchMap":{"0":{"type":"branch","line":11,"loc":{"start":{"line":11,"column":2},"end":{"line":51,"column":3}},"locations":[{"start":{"line":11,"column":2},"end":{"line":51,"column":3}}]},"1":{"type":"branch","line":12,"loc":{"start":{"line":12,"column":13},"end":{"line":14,"column":5}},"locations":[{"start":{"line":12,"column":13},"end":{"line":14,"column":5}}]},"2":{"type":"branch","line":15,"loc":{"start":{"line":15,"column":-1},"end":{"line":16,"column":15}},"locations":[{"start":{"line":15,"column":-1},"end":{"line":16,"column":15}}]},"3":{"type":"branch","line":16,"loc":{"start":{"line":16,"column":15},"end":{"line":38,"column":97}},"locations":[{"start":{"line":16,"column":15},"end":{"line":38,"column":97}}]},"4":{"type":"branch","line":44,"loc":{"start":{"line":44,"column":24},"end":{"line":44,"column":37}},"locations":[{"start":{"line":44,"column":24},"end":{"line":44,"column":37}}]},"5":{"type":"branch","line":44,"loc":{"start":{"line":44,"column":37},"end":{"line":44,"column":49}},"locations":[{"start":{"line":44,"column":37},"end":{"line":44,"column":49}}]},"6":{"type":"branch","line":46,"loc":{"start":{"line":46,"column":-1},"end":{"line":48,"column":6}},"locations":[{"start":{"line":46,"column":-1},"end":{"line":48,"column":6}}]},"7":{"type":"branch","line":48,"loc":{"start":{"line":48,"column":6},"end":{"line":50,"column":5}},"locations":[{"start":{"line":48,"column":6},"end":{"line":50,"column":5}}]},"8":{"type":"branch","line":6,"loc":{"start":{"line":6,"column":2},"end":{"line":9,"column":6}},"locations":[{"start":{"line":6,"column":2},"end":{"line":9,"column":6}}]}},"b":{"0":[3],"1":[1],"2":[2],"3":[1],"4":[1],"5":[0],"6":[1],"7":[0],"8":[1]},"fnMap":{"0":{"name":"execute","decl":{"start":{"line":11,"column":2},"end":{"line":51,"column":3}},"loc":{"start":{"line":11,"column":2},"end":{"line":51,"column":3}},"line":11},"1":{"name":"UpdateFeedbackUseCase","decl":{"start":{"line":6,"column":2},"end":{"line":9,"column":6}},"loc":{"start":{"line":6,"column":2},"end":{"line":9,"column":6}},"line":6}},"f":{"0":3,"1":1}}
}
