TN:
SF:dist/use-cases/submit-feedback-use-case.js
FN:1,Object.<anonymous>
FN:5,SubmitFeedbackUseCase
FN:9,execute
FNF:3
FNH:3
FNDA:1,Object.<anonymous>
FNDA:1,SubmitFeedbackUseCase
FNDA:4,execute
DA:1,1
DA:2,1
DA:3,1
DA:4,1
DA:5,1
DA:6,1
DA:7,1
DA:8,1
DA:9,1
DA:10,4
DA:11,4
DA:12,1
DA:13,1
DA:14,4
DA:15,1
DA:16,1
DA:17,4
DA:18,1
DA:19,1
DA:20,1
DA:21,1
DA:22,1
DA:23,1
DA:24,1
DA:25,1
DA:26,1
DA:27,4
DA:28,4
DA:29,4
DA:30,4
DA:31,4
DA:32,1
DA:33,1
LF:33
LH:33
BRDA:1,0,0,1
BRDA:1,1,0,1
BRDA:5,2,0,1
BRDA:9,3,0,4
BRDA:11,4,0,1
BRDA:14,5,0,3
BRDA:14,6,0,1
BRDA:17,7,0,2
BRDA:17,8,0,1
BRDA:27,9,0,0
BRDA:31,10,0,1
BRF:11
BRH:10
end_of_record
TN:
SF:src/prisma.ts
FNF:0
FNH:0
DA:1,1
DA:2,1
DA:3,1
LF:3
LH:3
BRF:0
BRH:0
end_of_record
TN:
SF:src/use-cases/feedbacks-use-cases/delete-feedback-use-case.ts
FN:6,execute
FN:4,DeleteFeedbackUseCase
FNF:2
FNH:2
FNDA:2,execute
FNDA:1,DeleteFeedbackUseCase
DA:1,1
DA:2,1
DA:3,1
DA:4,1
DA:5,1
DA:6,1
DA:7,2
DA:8,1
DA:9,1
DA:10,1
DA:11,1
DA:12,1
DA:13,2
DA:14,0
DA:15,0
DA:16,2
DA:17,1
LF:17
LH:15
BRDA:6,0,0,2
BRDA:7,1,0,1
BRDA:13,2,0,0
BRDA:4,3,0,1
BRF:4
BRH:3
end_of_record
TN:
SF:src/use-cases/feedbacks-use-cases/read-feedback-use-case.ts
FN:6,execute
FN:4,ReadFeedbackUseCase
FNF:2
FNH:2
FNDA:2,execute
FNDA:1,ReadFeedbackUseCase
DA:1,1
DA:2,1
DA:3,1
DA:4,1
DA:5,1
DA:6,1
DA:7,2
DA:8,1
DA:9,1
DA:10,1
DA:11,1
DA:12,1
DA:13,1
DA:14,1
DA:15,2
DA:16,0
DA:17,0
DA:18,2
DA:19,1
LF:19
LH:17
BRDA:6,0,0,2
BRDA:7,1,0,1
BRDA:15,2,0,0
BRDA:4,3,0,1
BRF:4
BRH:3
end_of_record
TN:
SF:src/use-cases/feedbacks-use-cases/submit-feedback-use-case.ts
FN:18,execute
FN:13,SubmitFeedbackUseCase
FNF:2
FNH:2
FNDA:4,execute
FNDA:1,SubmitFeedbackUseCase
DA:1,1
DA:2,1
DA:3,1
DA:4,1
DA:5,1
DA:6,1
DA:7,1
DA:8,1
DA:9,1
DA:10,1
DA:11,1
DA:12,1
DA:13,1
DA:14,1
DA:15,1
DA:16,1
DA:17,1
DA:18,1
DA:19,4
DA:20,4
DA:21,4
DA:22,1
DA:23,1
DA:24,3
DA:25,4
DA:26,1
DA:27,1
DA:28,2
DA:29,4
DA:30,1
DA:31,1
DA:32,1
DA:33,1
DA:34,1
DA:35,1
DA:36,1
DA:37,1
DA:38,1
DA:39,1
DA:40,1
DA:41,1
DA:42,1
DA:43,1
DA:44,1
DA:45,1
DA:46,1
DA:47,1
DA:48,1
DA:49,1
DA:50,1
DA:51,1
DA:52,4
DA:53,4
DA:54,4
DA:55,4
DA:56,4
DA:57,4
DA:58,4
DA:59,4
DA:60,1
DA:61,1
LF:61
LH:61
BRDA:18,0,0,4
BRDA:21,1,0,1
BRDA:24,2,0,3
BRDA:25,3,0,1
BRDA:28,4,0,2
BRDA:29,5,0,1
BRDA:53,6,0,1
BRDA:58,7,0,1
BRDA:58,8,0,0
BRDA:60,9,0,1
BRDA:13,10,0,1
BRF:11
BRH:10
end_of_record
TN:
SF:src/use-cases/feedbacks-use-cases/update-feedback-use-case.ts
FN:11,execute
FN:6,UpdateFeedbackUseCase
FNF:2
FNH:2
FNDA:3,execute
FNDA:1,UpdateFeedbackUseCase
DA:1,1
DA:2,1
DA:3,1
DA:4,1
DA:5,1
DA:6,1
DA:7,1
DA:8,1
DA:9,1
DA:10,1
DA:11,1
DA:12,3
DA:13,1
DA:14,1
DA:15,2
DA:16,3
DA:17,1
DA:18,1
DA:19,1
DA:20,1
DA:21,1
DA:22,1
DA:23,1
DA:24,1
DA:25,1
DA:26,1
DA:27,1
DA:28,1
DA:29,1
DA:30,1
DA:31,1
DA:32,1
DA:33,1
DA:34,1
DA:35,1
DA:36,1
DA:37,1
DA:38,3
DA:39,3
DA:40,3
DA:41,3
DA:42,3
DA:43,3
DA:44,3
DA:45,3
DA:46,1
DA:47,1
DA:48,3
DA:49,0
DA:50,0
DA:51,3
DA:52,1
LF:52
LH:50
BRDA:11,0,0,3
BRDA:12,1,0,1
BRDA:15,2,0,2
BRDA:16,3,0,1
BRDA:44,4,0,1
BRDA:44,5,0,0
BRDA:46,6,0,1
BRDA:48,7,0,0
BRDA:6,8,0,1
BRF:9
BRH:7
end_of_record
